  Reading Qt configuration (C:/Qt/6.3.1/msvc2019_64/bin/qmake)
  uic mainwindow.ui
  uic pin.ui
  uic port.ui
  rcc ChainsHive.qrc
  moc PinTemplate.h
  moc CustomColliderLineRecoursive.h
   RCC: Warning: No resources in 'C:\Users\valyayev.n\source\repos\ChainsHive\ChainsHive\ChainsHive.qrc'.
  moc Dot.h
  moc NewPinWhire.h
  moc NewWhire.h
  moc PortTemplate.h
  moc PortTwmplateObject.h
  moc SaveTemplates.h
  moc QLineEditFocusOutSignal.h
  moc chain.h
  moc chaintable.h
  moc minimap.h
  moc view.h
  moc port.h
  moc pin.h
  moc mainwindow.h
  AddComand.cpp
  AddPinComand.cpp
  AddWhireCommand.cpp
  chaintable.cpp
  CustomColliderLineRecoursive.cpp
  Dot.cpp
  GItemFrame.cpp
  GView.cpp
  mainwindow.cpp
  minimap.cpp
  mygraphicsscene.cpp
  NewPinWhire.cpp
  NewWhire.cpp
  pin.cpp
  PinTemplate.cpp
  port.cpp
C:\Users\valyayev.n\source\repos\ChainsHive\ChainsHive\NewWhire.h(43,1): error C2504: 'CustomColliderLineRecoursive': base class undefined (compiling source file AddWhireCommand.cpp)
C:\Users\valyayev.n\source\repos\ChainsHive\ChainsHive\NewWhire.h(43,1): error C2504: 'CustomColliderLineRecoursive': base class undefined (compiling source file CustomColliderLineRecoursive.cpp)
C:\Users\valyayev.n\source\repos\ChainsHive\ChainsHive\NewWhire.h(43,1): error C2504: 'CustomColliderLineRecoursive': base class undefined (compiling source file AddPinComand.cpp)
C:\Users\valyayev.n\source\repos\ChainsHive\ChainsHive\NewPinWhire.h(38,1): error C2504: 'CustomColliderLineRecoursive': base class undefined (compiling source file CustomColliderLineRecoursive.cpp)
C:\Users\valyayev.n\source\repos\ChainsHive\ChainsHive\NewWhire.h(43,1): error C2504: 'CustomColliderLineRecoursive': base class undefined (compiling source file port.cpp)
C:\Users\valyayev.n\source\repos\ChainsHive\ChainsHive\NewWhire.h(43,1): error C2504: 'CustomColliderLineRecoursive': base class undefined (compiling source file NewPinWhire.cpp)
C:\Users\valyayev.n\source\repos\ChainsHive\ChainsHive\PinTemplate.h(39,1): error C2504: 'Pin': base class undefined (compiling source file NewWhire.cpp)
C:\Users\valyayev.n\source\repos\ChainsHive\ChainsHive\PinTemplate.h(39,1): error C2504: 'Pin': base class undefined (compiling source file pin.cpp)
C:\Users\valyayev.n\source\repos\ChainsHive\ChainsHive\NewWhire.h(43,1): error C2504: 'CustomColliderLineRecoursive': base class undefined (compiling source file Dot.cpp)
C:\Users\valyayev.n\source\repos\ChainsHive\ChainsHive\NewPinWhire.h(38,1): error C2504: 'CustomColliderLineRecoursive': base class undefined (compiling source file Dot.cpp)
C:\Users\valyayev.n\source\repos\ChainsHive\ChainsHive\PortTemplate.h(47,1): error C2504: 'Port': base class undefined (compiling source file NewWhire.cpp)
C:\Users\valyayev.n\source\repos\ChainsHive\ChainsHive\PortTemplate.h(47,1): error C2504: 'Port': base class undefined (compiling source file pin.cpp)
C:\Users\valyayev.n\source\repos\ChainsHive\ChainsHive\PortTemplate.h(47,1): error C2504: 'Port': base class undefined (compiling source file PinTemplate.cpp)
C:\Users\valyayev.n\source\repos\ChainsHive\ChainsHive\NewWhire.h(43,1): error C2504: 'CustomColliderLineRecoursive': base class undefined (compiling source file pin.cpp)
C:\Users\valyayev.n\source\repos\ChainsHive\ChainsHive\NewWhire.h(43,1): error C2504: 'CustomColliderLineRecoursive': base class undefined (compiling source file PinTemplate.cpp)
C:\Users\valyayev.n\source\repos\ChainsHive\ChainsHive\PortTemplate.h(47,1): error C2504: 'Port': base class undefined (compiling source file AddWhireCommand.cpp)
C:\Users\valyayev.n\source\repos\ChainsHive\ChainsHive\PortTemplate.h(47,1): error C2504: 'Port': base class undefined (compiling source file AddPinComand.cpp)
C:\Users\valyayev.n\source\repos\ChainsHive\ChainsHive\PortTemplate.h(47,1): error C2504: 'Port': base class undefined (compiling source file CustomColliderLineRecoursive.cpp)
C:\Users\valyayev.n\source\repos\ChainsHive\ChainsHive\PortTemplate.h(47,1): error C2504: 'Port': base class undefined (compiling source file NewPinWhire.cpp)
C:\Users\valyayev.n\source\repos\ChainsHive\ChainsHive\PortTemplate.h(47,1): error C2504: 'Port': base class undefined (compiling source file port.cpp)
C:\Users\valyayev.n\source\repos\ChainsHive\ChainsHive\PortTemplate.h(47,1): error C2504: 'Port': base class undefined (compiling source file Dot.cpp)
  portlib.cpp
  PortTemplate.cpp
  PortTwmplateObject.cpp
  proxyrectport.cpp
  QLineEditFocusOutSignal.cpp
  RemoveComand.cpp
  RemovePinCommand.cpp
  RemovePortComand.cpp
  SaveTemplates.cpp
  view.cpp
  WhireRemoveComand.cpp
  chain.cpp
  main.cpp
C:\Users\valyayev.n\source\repos\ChainsHive\ChainsHive\NewWhire.h(43,1): error C2504: 'CustomColliderLineRecoursive': base class undefined (compiling source file RemovePinCommand.cpp)
C:\Users\valyayev.n\source\repos\ChainsHive\ChainsHive\NewWhire.h(43,1): error C2504: 'CustomColliderLineRecoursive': base class undefined (compiling source file RemoveComand.cpp)
C:\Users\valyayev.n\source\repos\ChainsHive\ChainsHive\NewWhire.h(43,1): error C2504: 'CustomColliderLineRecoursive': base class undefined (compiling source file RemovePortComand.cpp)
C:\Users\valyayev.n\source\repos\ChainsHive\ChainsHive\NewWhire.h(43,1): error C2504: 'CustomColliderLineRecoursive': base class undefined (compiling source file WhireRemoveComand.cpp)
C:\Users\valyayev.n\source\repos\ChainsHive\ChainsHive\PinTemplate.h(39,1): error C2504: 'Pin': base class undefined (compiling source file chain.cpp)
C:\Users\valyayev.n\source\repos\ChainsHive\ChainsHive\PortTemplate.h(47,1): error C2504: 'Port': base class undefined (compiling source file RemovePinCommand.cpp)
C:\Users\valyayev.n\source\repos\ChainsHive\ChainsHive\PortTemplate.h(47,1): error C2504: 'Port': base class undefined (compiling source file RemoveComand.cpp)
C:\Users\valyayev.n\source\repos\ChainsHive\ChainsHive\PortTemplate.h(47,1): error C2504: 'Port': base class undefined (compiling source file RemovePortComand.cpp)
C:\Users\valyayev.n\source\repos\ChainsHive\ChainsHive\PortTemplate.h(47,1): error C2504: 'Port': base class undefined (compiling source file proxyrectport.cpp)
C:\Users\valyayev.n\source\repos\ChainsHive\ChainsHive\PortTemplate.h(47,1): error C2504: 'Port': base class undefined (compiling source file chain.cpp)
C:\Users\valyayev.n\source\repos\ChainsHive\ChainsHive\NewWhire.h(43,1): error C2504: 'CustomColliderLineRecoursive': base class undefined (compiling source file chain.cpp)
C:\Users\valyayev.n\source\repos\ChainsHive\ChainsHive\PortTemplate.h(47,1): error C2504: 'Port': base class undefined (compiling source file WhireRemoveComand.cpp)
