\BOOKMARK [0][-]{chapter.1}{\376\377\0001\000\040\004\030\004\065\004\100\004\060\004\100\004\105\004\070\004\107\004\065\004\101\004\072\004\070\004\071\000\040\004\101\004\077\004\070\004\101\004\076\004\072\000\040\004\072\004\073\004\060\004\101\004\101\004\076\004\062}{}% 1
\BOOKMARK [1][-]{section.1.1}{\376\377\0001\000.\0001\000\040\004\030\004\065\004\100\004\060\004\100\004\105\004\070\004\117\000\040\004\072\004\073\004\060\004\101\004\101\004\076\004\062}{chapter.1}% 2
\BOOKMARK [0][-]{chapter.2}{\376\377\0002\000\040\004\020\004\073\004\104\004\060\004\062\004\070\004\102\004\075\004\113\004\071\000\040\004\103\004\072\004\060\004\067\004\060\004\102\004\065\004\073\004\114\000\040\004\072\004\073\004\060\004\101\004\101\004\076\004\062}{}% 3
\BOOKMARK [1][-]{section.2.1}{\376\377\0002\000.\0001\000\040\004\032\004\073\004\060\004\101\004\101\004\113}{chapter.2}% 4
\BOOKMARK [0][-]{chapter.3}{\376\377\0003\000\040\004\041\004\077\004\070\004\101\004\076\004\072\000\040\004\104\004\060\004\071\004\073\004\076\004\062}{}% 5
\BOOKMARK [1][-]{section.3.1}{\376\377\0003\000.\0001\000\040\004\044\004\060\004\071\004\073\004\113}{chapter.3}% 6
\BOOKMARK [0][-]{chapter.4}{\376\377\0004\000\040\004\032\004\073\004\060\004\101\004\101\004\113}{}% 7
\BOOKMARK [1][-]{section.4.1}{\376\377\0004\000.\0001\000\040\004\032\004\073\004\060\004\101\004\101\000\040\000A\000d\000d\000C\000o\000m\000a\000n\000d}{chapter.4}% 8
\BOOKMARK [2][-]{subsection.4.1.1}{\376\377\0004\000.\0001\000.\0001\000\040\004\037\004\076\004\064\004\100\004\076\004\061\004\075\004\076\004\065\000\040\004\076\004\077\004\070\004\101\004\060\004\075\004\070\004\065}{section.4.1}% 9
\BOOKMARK [2][-]{subsection.4.1.2}{\376\377\0004\000.\0001\000.\0002\000\040\004\032\004\076\004\075\004\101\004\102\004\100\004\103\004\072\004\102\004\076\004\100\000\050\004\113\000\051}{section.4.1}% 10
\BOOKMARK [3][-]{subsubsection.4.1.2.1}{\376\377\0004\000.\0001\000.\0002\000.\0001\000\040\000A\000d\000d\000C\000o\000m\000a\000n\000d\000\050\000\051}{subsection.4.1.2}% 11
\BOOKMARK [1][-]{section.4.2}{\376\377\0004\000.\0002\000\040\004\032\004\073\004\060\004\101\004\101\000\040\000A\000d\000d\000P\000i\000n\000C\000o\000m\000a\000n\000d}{chapter.4}% 12
\BOOKMARK [2][-]{subsection.4.2.1}{\376\377\0004\000.\0002\000.\0001\000\040\004\037\004\076\004\064\004\100\004\076\004\061\004\075\004\076\004\065\000\040\004\076\004\077\004\070\004\101\004\060\004\075\004\070\004\065}{section.4.2}% 13
\BOOKMARK [2][-]{subsection.4.2.2}{\376\377\0004\000.\0002\000.\0002\000\040\004\032\004\076\004\075\004\101\004\102\004\100\004\103\004\072\004\102\004\076\004\100\000\050\004\113\000\051}{section.4.2}% 14
\BOOKMARK [3][-]{subsubsection.4.2.2.1}{\376\377\0004\000.\0002\000.\0002\000.\0001\000\040\000A\000d\000d\000P\000i\000n\000C\000o\000m\000a\000n\000d\000\050\000\051}{subsection.4.2.2}% 15
\BOOKMARK [1][-]{section.4.3}{\376\377\0004\000.\0003\000\040\004\032\004\073\004\060\004\101\004\101\000\040\000A\000d\000d\000W\000h\000i\000r\000e\000C\000o\000m\000m\000a\000n\000d}{chapter.4}% 16
\BOOKMARK [2][-]{subsection.4.3.1}{\376\377\0004\000.\0003\000.\0001\000\040\004\037\004\076\004\064\004\100\004\076\004\061\004\075\004\076\004\065\000\040\004\076\004\077\004\070\004\101\004\060\004\075\004\070\004\065}{section.4.3}% 17
\BOOKMARK [2][-]{subsection.4.3.2}{\376\377\0004\000.\0003\000.\0002\000\040\004\032\004\076\004\075\004\101\004\102\004\100\004\103\004\072\004\102\004\076\004\100\000\050\004\113\000\051}{section.4.3}% 18
\BOOKMARK [3][-]{subsubsection.4.3.2.1}{\376\377\0004\000.\0003\000.\0002\000.\0001\000\040\000A\000d\000d\000W\000h\000i\000r\000e\000C\000o\000m\000m\000a\000n\000d\000\050\000\051}{subsection.4.3.2}% 19
\BOOKMARK [1][-]{section.4.4}{\376\377\0004\000.\0004\000\040\004\032\004\073\004\060\004\101\004\101\000\040\000C\000h\000a\000i\000n}{chapter.4}% 20
\BOOKMARK [2][-]{subsection.4.4.1}{\376\377\0004\000.\0004\000.\0001\000\040\004\037\004\076\004\064\004\100\004\076\004\061\004\075\004\076\004\065\000\040\004\076\004\077\004\070\004\101\004\060\004\075\004\070\004\065}{section.4.4}% 21
\BOOKMARK [2][-]{subsection.4.4.2}{\376\377\0004\000.\0004\000.\0002\000\040\004\032\004\076\004\075\004\101\004\102\004\100\004\103\004\072\004\102\004\076\004\100\000\050\004\113\000\051}{section.4.4}% 22
\BOOKMARK [3][-]{subsubsection.4.4.2.1}{\376\377\0004\000.\0004\000.\0002\000.\0001\000\040\000C\000h\000a\000i\000n\000\050\000\051}{subsection.4.4.2}% 23
\BOOKMARK [2][-]{subsection.4.4.3}{\376\377\0004\000.\0004\000.\0003\000\040\004\034\004\065\004\102\004\076\004\064\004\113}{section.4.4}% 24
\BOOKMARK [3][-]{subsubsection.4.4.3.1}{\376\377\0004\000.\0004\000.\0003\000.\0001\000\040\000A\000d\000d\000P\000i\000n\000\050\000\051}{subsection.4.4.3}% 25
\BOOKMARK [3][-]{subsubsection.4.4.3.2}{\376\377\0004\000.\0004\000.\0003\000.\0002\000\040\000m\000o\000v\000e\000T\000o\000C\000h\000a\000i\000n\000\050\000\051}{subsection.4.4.3}% 26
\BOOKMARK [3][-]{subsubsection.4.4.3.3}{\376\377\0004\000.\0004\000.\0003\000.\0003\000\040\000R\000e\000m\000o\000v\000e\000P\000i\000n\000\050\000\051}{subsection.4.4.3}% 27
\BOOKMARK [1][-]{section.4.5}{\376\377\0004\000.\0005\000\040\004\032\004\073\004\060\004\101\004\101\000\040\000C\000h\000a\000i\000n\000T\000a\000b\000l\000e}{chapter.4}% 28
\BOOKMARK [2][-]{subsection.4.5.1}{\376\377\0004\000.\0005\000.\0001\000\040\004\037\004\076\004\064\004\100\004\076\004\061\004\075\004\076\004\065\000\040\004\076\004\077\004\070\004\101\004\060\004\075\004\070\004\065}{section.4.5}% 29
\BOOKMARK [2][-]{subsection.4.5.2}{\376\377\0004\000.\0005\000.\0002\000\040\004\034\004\065\004\102\004\076\004\064\004\113}{section.4.5}% 30
\BOOKMARK [3][-]{subsubsection.4.5.2.1}{\376\377\0004\000.\0005\000.\0002\000.\0001\000\040\000C\000e\000l\000l\000C\000h\000a\000n\000g\000e}{subsection.4.5.2}% 31
\BOOKMARK [3][-]{subsubsection.4.5.2.2}{\376\377\0004\000.\0005\000.\0002\000.\0002\000\040\000C\000e\000l\000l\000C\000l\000c\000k}{subsection.4.5.2}% 32
\BOOKMARK [1][-]{section.4.6}{\376\377\0004\000.\0006\000\040\004\032\004\073\004\060\004\101\004\101\000\040\000C\000u\000s\000t\000o\000m\000C\000o\000l\000l\000i\000d\000e\000r\000L\000i\000n\000e\000R\000e\000c\000o\000u\000r\000s\000i\000v\000e}{chapter.4}% 33
\BOOKMARK [2][-]{subsection.4.6.1}{\376\377\0004\000.\0006\000.\0001\000\040\004\037\004\076\004\064\004\100\004\076\004\061\004\075\004\076\004\065\000\040\004\076\004\077\004\070\004\101\004\060\004\075\004\070\004\065}{section.4.6}% 34
\BOOKMARK [2][-]{subsection.4.6.2}{\376\377\0004\000.\0006\000.\0002\000\040\004\032\004\076\004\075\004\101\004\102\004\100\004\103\004\072\004\102\004\076\004\100\000\050\004\113\000\051}{section.4.6}% 35
\BOOKMARK [3][-]{subsubsection.4.6.2.1}{\376\377\0004\000.\0006\000.\0002\000.\0001\000\040\000C\000u\000s\000t\000o\000m\000C\000o\000l\000l\000i\000d\000e\000r\000L\000i\000n\000e\000R\000e\000c\000o\000u\000r\000s\000i\000v\000e\000\050\000\051}{subsection.4.6.2}% 36
\BOOKMARK [2][-]{subsection.4.6.3}{\376\377\0004\000.\0006\000.\0003\000\040\004\034\004\065\004\102\004\076\004\064\004\113}{section.4.6}% 37
\BOOKMARK [3][-]{subsubsection.4.6.3.1}{\376\377\0004\000.\0006\000.\0003\000.\0001\000\040\000b\000o\000u\000n\000d\000i\000n\000g\000R\000e\000c\000t\000\050\000\051}{subsection.4.6.3}% 38
\BOOKMARK [3][-]{subsubsection.4.6.3.2}{\376\377\0004\000.\0006\000.\0003\000.\0002\000\040\000c\000o\000l\000o\000r\000\050\000\051}{subsection.4.6.3}% 39
\BOOKMARK [3][-]{subsubsection.4.6.3.3}{\376\377\0004\000.\0006\000.\0003\000.\0003\000\040\000F\000i\000x\000C\000o\000l\000l\000i\000d\000i\000n\000g}{subsection.4.6.3}% 40
\BOOKMARK [3][-]{subsubsection.4.6.3.4}{\376\377\0004\000.\0006\000.\0003\000.\0004\000\040\000J\000u\000m\000p\000F\000r\000o\000m}{subsection.4.6.3}% 41
\BOOKMARK [3][-]{subsubsection.4.6.3.5}{\376\377\0004\000.\0006\000.\0003\000.\0005\000\040\000p\000a\000i\000n\000t\000\050\000\051}{subsection.4.6.3}% 42
\BOOKMARK [3][-]{subsubsection.4.6.3.6}{\376\377\0004\000.\0006\000.\0003\000.\0006\000\040\000s\000e\000t\000F\000i\000x\000W\000a\000y\000\050\000\051}{subsection.4.6.3}% 43
\BOOKMARK [3][-]{subsubsection.4.6.3.7}{\376\377\0004\000.\0006\000.\0003\000.\0007\000\040\000s\000h\000a\000p\000e\000\050\000\051}{subsection.4.6.3}% 44
\BOOKMARK [1][-]{section.4.7}{\376\377\0004\000.\0007\000\040\004\032\004\073\004\060\004\101\004\101\000\040\000D\000o\000t}{chapter.4}% 45
\BOOKMARK [2][-]{subsection.4.7.1}{\376\377\0004\000.\0007\000.\0001\000\040\004\037\004\076\004\064\004\100\004\076\004\061\004\075\004\076\004\065\000\040\004\076\004\077\004\070\004\101\004\060\004\075\004\070\004\065}{section.4.7}% 46
\BOOKMARK [2][-]{subsection.4.7.2}{\376\377\0004\000.\0007\000.\0002\000\040\004\032\004\076\004\075\004\101\004\102\004\100\004\103\004\072\004\102\004\076\004\100\000\050\004\113\000\051}{section.4.7}% 47
\BOOKMARK [3][-]{subsubsection.4.7.2.1}{\376\377\0004\000.\0007\000.\0002\000.\0001\000\040\000D\000o\000t\000\050\000\051}{subsection.4.7.2}% 48
\BOOKMARK [2][-]{subsection.4.7.3}{\376\377\0004\000.\0007\000.\0003\000\040\004\034\004\065\004\102\004\076\004\064\004\113}{section.4.7}% 49
\BOOKMARK [3][-]{subsubsection.4.7.3.1}{\376\377\0004\000.\0007\000.\0003\000.\0001\000\040\000b\000o\000u\000n\000d\000i\000n\000g\000R\000e\000c\000t\000\050\000\051}{subsection.4.7.3}% 50
\BOOKMARK [3][-]{subsubsection.4.7.3.2}{\376\377\0004\000.\0007\000.\0003\000.\0002\000\040\000p\000a\000i\000n\000t\000\050\000\051}{subsection.4.7.3}% 51
\BOOKMARK [3][-]{subsubsection.4.7.3.3}{\376\377\0004\000.\0007\000.\0003\000.\0003\000\040\000s\000e\000t\000B\000i\000g\000\050\000\051}{subsection.4.7.3}% 52
\BOOKMARK [3][-]{subsubsection.4.7.3.4}{\376\377\0004\000.\0007\000.\0003\000.\0004\000\040\000s\000e\000t\000C\000o\000l\000o\000r\000\050\000\051}{subsection.4.7.3}% 53
\BOOKMARK [3][-]{subsubsection.4.7.3.5}{\376\377\0004\000.\0007\000.\0003\000.\0005\000\040\000s\000e\000t\000P\000i\000n\000\050\000\051}{subsection.4.7.3}% 54
\BOOKMARK [3][-]{subsubsection.4.7.3.6}{\376\377\0004\000.\0007\000.\0003\000.\0006\000\040\000s\000e\000t\000T\000r\000i\000a\000n\000g\000l\000e\000\050\000\051}{subsection.4.7.3}% 55
\BOOKMARK [3][-]{subsubsection.4.7.3.7}{\376\377\0004\000.\0007\000.\0003\000.\0007\000\040\000s\000h\000a\000p\000e\000\050\000\051}{subsection.4.7.3}% 56
\BOOKMARK [3][-]{subsubsection.4.7.3.8}{\376\377\0004\000.\0007\000.\0003\000.\0008\000\040\000t\000y\000p\000e\000\050\000\051}{subsection.4.7.3}% 57
\BOOKMARK [3][-]{subsubsection.4.7.3.9}{\376\377\0004\000.\0007\000.\0003\000.\0009\000\040\000x\000\050\000\051}{subsection.4.7.3}% 58
\BOOKMARK [3][-]{subsubsection.4.7.3.10}{\376\377\0004\000.\0007\000.\0003\000.\0001\0000\000\040\000y\000\050\000\051}{subsection.4.7.3}% 59
\BOOKMARK [1][-]{section.4.8}{\376\377\0004\000.\0008\000\040\004\032\004\073\004\060\004\101\004\101\000\040\000G\000I\000t\000e\000m\000F\000r\000a\000m\000e}{chapter.4}% 60
\BOOKMARK [2][-]{subsection.4.8.1}{\376\377\0004\000.\0008\000.\0001\000\040\004\037\004\076\004\064\004\100\004\076\004\061\004\075\004\076\004\065\000\040\004\076\004\077\004\070\004\101\004\060\004\075\004\070\004\065}{section.4.8}% 61
\BOOKMARK [2][-]{subsection.4.8.2}{\376\377\0004\000.\0008\000.\0002\000\040\004\034\004\065\004\102\004\076\004\064\004\113}{section.4.8}% 62
\BOOKMARK [3][-]{subsubsection.4.8.2.1}{\376\377\0004\000.\0008\000.\0002\000.\0001\000\040\000b\000o\000u\000n\000d\000i\000n\000g\000R\000e\000c\000t\000\050\000\051}{subsection.4.8.2}% 63
\BOOKMARK [3][-]{subsubsection.4.8.2.2}{\376\377\0004\000.\0008\000.\0002\000.\0002\000\040\000p\000a\000i\000n\000t\000\050\000\051}{subsection.4.8.2}% 64
\BOOKMARK [3][-]{subsubsection.4.8.2.3}{\376\377\0004\000.\0008\000.\0002\000.\0003\000\040\000s\000h\000a\000p\000e\000\050\000\051}{subsection.4.8.2}% 65
\BOOKMARK [1][-]{section.4.9}{\376\377\0004\000.\0009\000\040\004\032\004\073\004\060\004\101\004\101\000\040\000G\000V\000i\000e\000w}{chapter.4}% 66
\BOOKMARK [2][-]{subsection.4.9.1}{\376\377\0004\000.\0009\000.\0001\000\040\004\037\004\076\004\064\004\100\004\076\004\061\004\075\004\076\004\065\000\040\004\076\004\077\004\070\004\101\004\060\004\075\004\070\004\065}{section.4.9}% 67
\BOOKMARK [2][-]{subsection.4.9.2}{\376\377\0004\000.\0009\000.\0002\000\040\004\032\004\076\004\075\004\101\004\102\004\100\004\103\004\072\004\102\004\076\004\100\000\050\004\113\000\051}{section.4.9}% 68
\BOOKMARK [3][-]{subsubsection.4.9.2.1}{\376\377\0004\000.\0009\000.\0002\000.\0001\000\040\000G\000V\000i\000e\000w\000\050\000\051}{subsection.4.9.2}% 69
\BOOKMARK [2][-]{subsection.4.9.3}{\376\377\0004\000.\0009\000.\0003\000\040\004\034\004\065\004\102\004\076\004\064\004\113}{section.4.9}% 70
\BOOKMARK [3][-]{subsubsection.4.9.3.1}{\376\377\0004\000.\0009\000.\0003\000.\0001\000\040\000d\000r\000a\000g\000E\000n\000t\000e\000r\000E\000v\000e\000n\000t\000\050\000\051}{subsection.4.9.3}% 71
\BOOKMARK [3][-]{subsubsection.4.9.3.2}{\376\377\0004\000.\0009\000.\0003\000.\0002\000\040\000d\000r\000a\000g\000M\000o\000v\000e\000E\000v\000e\000n\000t\000\050\000\051}{subsection.4.9.3}% 72
\BOOKMARK [3][-]{subsubsection.4.9.3.3}{\376\377\0004\000.\0009\000.\0003\000.\0003\000\040\000d\000r\000o\000p\000E\000v\000e\000n\000t\000\050\000\051}{subsection.4.9.3}% 73
\BOOKMARK [3][-]{subsubsection.4.9.3.4}{\376\377\0004\000.\0009\000.\0003\000.\0004\000\040\000G\000S\000c\000e\000n\000e\000\050\000\051}{subsection.4.9.3}% 74
\BOOKMARK [3][-]{subsubsection.4.9.3.5}{\376\377\0004\000.\0009\000.\0003\000.\0005\000\040\000m\000o\000u\000s\000e\000M\000o\000v\000e\000E\000v\000e\000n\000t\000\050\000\051}{subsection.4.9.3}% 75
\BOOKMARK [3][-]{subsubsection.4.9.3.6}{\376\377\0004\000.\0009\000.\0003\000.\0006\000\040\000m\000o\000u\000s\000e\000P\000r\000e\000s\000s\000E\000v\000e\000n\000t\000\050\000\051}{subsection.4.9.3}% 76
\BOOKMARK [3][-]{subsubsection.4.9.3.7}{\376\377\0004\000.\0009\000.\0003\000.\0007\000\040\000m\000o\000u\000s\000e\000R\000e\000l\000e\000a\000s\000e\000E\000v\000e\000n\000t\000\050\000\051}{subsection.4.9.3}% 77
\BOOKMARK [2][-]{subsection.4.9.4}{\376\377\0004\000.\0009\000.\0004\000\040\004\024\004\060\004\075\004\075\004\113\004\065\000\040\004\072\004\073\004\060\004\101\004\101\004\060}{section.4.9}% 78
\BOOKMARK [3][-]{subsubsection.4.9.4.1}{\376\377\0004\000.\0009\000.\0004\000.\0001\000\040\000l\000a\000s\000t\000s\000e\000l\000e\000c\000t\000e\000d}{subsection.4.9.4}% 79
\BOOKMARK [1][-]{section.4.10}{\376\377\0004\000.\0001\0000\000\040\004\032\004\073\004\060\004\101\004\101\000\040\000M\000a\000i\000n\000W\000i\000n\000d\000o\000w}{chapter.4}% 80
\BOOKMARK [1][-]{section.4.11}{\376\377\0004\000.\0001\0001\000\040\004\032\004\073\004\060\004\101\004\101\000\040\000m\000i\000n\000i\000m\000a\000p}{chapter.4}% 81
\BOOKMARK [2][-]{subsection.4.11.1}{\376\377\0004\000.\0001\0001\000.\0001\000\040\004\037\004\076\004\064\004\100\004\076\004\061\004\075\004\076\004\065\000\040\004\076\004\077\004\070\004\101\004\060\004\075\004\070\004\065}{section.4.11}% 82
\BOOKMARK [2][-]{subsection.4.11.2}{\376\377\0004\000.\0001\0001\000.\0002\000\040\004\032\004\076\004\075\004\101\004\102\004\100\004\103\004\072\004\102\004\076\004\100\000\050\004\113\000\051}{section.4.11}% 83
\BOOKMARK [3][-]{subsubsection.4.11.2.1}{\376\377\0004\000.\0001\0001\000.\0002\000.\0001\000\040\000m\000i\000n\000i\000m\000a\000p\000\050\000\051}{subsection.4.11.2}% 84
\BOOKMARK [2][-]{subsection.4.11.3}{\376\377\0004\000.\0001\0001\000.\0003\000\040\004\034\004\065\004\102\004\076\004\064\004\113}{section.4.11}% 85
\BOOKMARK [3][-]{subsubsection.4.11.3.1}{\376\377\0004\000.\0001\0001\000.\0003\000.\0001\000\040\000m\000o\000u\000s\000e\000D\000o\000u\000b\000l\000e\000C\000l\000i\000c\000k\000E\000v\000e\000n\000t\000\050\000\051}{subsection.4.11.3}% 86
\BOOKMARK [3][-]{subsubsection.4.11.3.2}{\376\377\0004\000.\0001\0001\000.\0003\000.\0002\000\040\000m\000o\000u\000s\000e\000M\000o\000v\000e\000E\000v\000e\000n\000t\000\050\000\051}{subsection.4.11.3}% 87
\BOOKMARK [3][-]{subsubsection.4.11.3.3}{\376\377\0004\000.\0001\0001\000.\0003\000.\0003\000\040\000m\000o\000u\000s\000e\000P\000r\000e\000s\000s\000E\000v\000e\000n\000t\000\050\000\051}{subsection.4.11.3}% 88
\BOOKMARK [3][-]{subsubsection.4.11.3.4}{\376\377\0004\000.\0001\0001\000.\0003\000.\0004\000\040\000m\000o\000u\000s\000e\000R\000e\000l\000e\000a\000s\000e\000E\000v\000e\000n\000t\000\050\000\051}{subsection.4.11.3}% 89
\BOOKMARK [1][-]{section.4.12}{\376\377\0004\000.\0001\0002\000\040\004\032\004\073\004\060\004\101\004\101\000\040\000M\000Y\000G\000r\000a\000p\000h\000i\000c\000s\000S\000c\000e\000n\000e}{chapter.4}% 90
\BOOKMARK [2][-]{subsection.4.12.1}{\376\377\0004\000.\0001\0002\000.\0001\000\040\004\037\004\076\004\064\004\100\004\076\004\061\004\075\004\076\004\065\000\040\004\076\004\077\004\070\004\101\004\060\004\075\004\070\004\065}{section.4.12}% 91
\BOOKMARK [2][-]{subsection.4.12.2}{\376\377\0004\000.\0001\0002\000.\0002\000\040\004\032\004\076\004\075\004\101\004\102\004\100\004\103\004\072\004\102\004\076\004\100\000\050\004\113\000\051}{section.4.12}% 92
\BOOKMARK [3][-]{subsubsection.4.12.2.1}{\376\377\0004\000.\0001\0002\000.\0002\000.\0001\000\040\000M\000Y\000G\000r\000a\000p\000h\000i\000c\000s\000S\000c\000e\000n\000e\000\050\000\051}{subsection.4.12.2}% 93
\BOOKMARK [1][-]{section.4.13}{\376\377\0004\000.\0001\0003\000\040\004\032\004\073\004\060\004\101\004\101\000\040\000N\000e\000w\000P\000i\000n\000W\000h\000i\000r\000e}{chapter.4}% 94
\BOOKMARK [2][-]{subsection.4.13.1}{\376\377\0004\000.\0001\0003\000.\0001\000\040\004\037\004\076\004\064\004\100\004\076\004\061\004\075\004\076\004\065\000\040\004\076\004\077\004\070\004\101\004\060\004\075\004\070\004\065}{section.4.13}% 95
\BOOKMARK [2][-]{subsection.4.13.2}{\376\377\0004\000.\0001\0003\000.\0002\000\040\004\032\004\076\004\075\004\101\004\102\004\100\004\103\004\072\004\102\004\076\004\100\000\050\004\113\000\051}{section.4.13}% 96
\BOOKMARK [3][-]{subsubsection.4.13.2.1}{\376\377\0004\000.\0001\0003\000.\0002\000.\0001\000\040\000N\000e\000w\000P\000i\000n\000W\000h\000i\000r\000e\000\050\000\051}{subsection.4.13.2}% 97
\BOOKMARK [2][-]{subsection.4.13.3}{\376\377\0004\000.\0001\0003\000.\0003\000\040\004\034\004\065\004\102\004\076\004\064\004\113}{section.4.13}% 98
\BOOKMARK [3][-]{subsubsection.4.13.3.1}{\376\377\0004\000.\0001\0003\000.\0003\000.\0001\000\040\000c\000o\000l\000o\000r\000\050\000\051}{subsection.4.13.3}% 99
\BOOKMARK [3][-]{subsubsection.4.13.3.2}{\376\377\0004\000.\0001\0003\000.\0003\000.\0002\000\040\000h\000a\000s\000C\000o\000n\000e\000c\000t\000i\000o\000n\000\050\000\051}{subsection.4.13.3}% 100
\BOOKMARK [1][-]{section.4.14}{\376\377\0004\000.\0001\0004\000\040\004\032\004\073\004\060\004\101\004\101\000\040\000N\000e\000w\000W\000h\000i\000r\000e}{chapter.4}% 101
\BOOKMARK [2][-]{subsection.4.14.1}{\376\377\0004\000.\0001\0004\000.\0001\000\040\004\037\004\076\004\064\004\100\004\076\004\061\004\075\004\076\004\065\000\040\004\076\004\077\004\070\004\101\004\060\004\075\004\070\004\065}{section.4.14}% 102
\BOOKMARK [2][-]{subsection.4.14.2}{\376\377\0004\000.\0001\0004\000.\0002\000\040\004\032\004\076\004\075\004\101\004\102\004\100\004\103\004\072\004\102\004\076\004\100\000\050\004\113\000\051}{section.4.14}% 103
\BOOKMARK [3][-]{subsubsection.4.14.2.1}{\376\377\0004\000.\0001\0004\000.\0002\000.\0001\000\040\000N\000e\000w\000W\000h\000i\000r\000e\000\050\000\051}{subsection.4.14.2}% 104
\BOOKMARK [2][-]{subsection.4.14.3}{\376\377\0004\000.\0001\0004\000.\0003\000\040\004\034\004\065\004\102\004\076\004\064\004\113}{section.4.14}% 105
\BOOKMARK [3][-]{subsubsection.4.14.3.1}{\376\377\0004\000.\0001\0004\000.\0003\000.\0001\000\040\000A\000d\000d\000C\000o\000m\000a\000n\000d\000W\000\050\000\051}{subsection.4.14.3}% 106
\BOOKMARK [3][-]{subsubsection.4.14.3.2}{\376\377\0004\000.\0001\0004\000.\0003\000.\0002\000\040\000c\000o\000l\000o\000r\000\050\000\051}{subsection.4.14.3}% 107
\BOOKMARK [1][-]{section.4.15}{\376\377\0004\000.\0001\0005\000\040\004\032\004\073\004\060\004\101\004\101\000\040\000P\000i\000n}{chapter.4}% 108
\BOOKMARK [2][-]{subsection.4.15.1}{\376\377\0004\000.\0001\0005\000.\0001\000\040\004\037\004\076\004\064\004\100\004\076\004\061\004\075\004\076\004\065\000\040\004\076\004\077\004\070\004\101\004\060\004\075\004\070\004\065}{section.4.15}% 109
\BOOKMARK [2][-]{subsection.4.15.2}{\376\377\0004\000.\0001\0005\000.\0002\000\040\004\032\004\076\004\075\004\101\004\102\004\100\004\103\004\072\004\102\004\076\004\100\000\050\004\113\000\051}{section.4.15}% 110
\BOOKMARK [3][-]{subsubsection.4.15.2.1}{\376\377\0004\000.\0001\0005\000.\0002\000.\0001\000\040\000P\000i\000n\000\050\000\051}{subsection.4.15.2}% 111
\BOOKMARK [2][-]{subsection.4.15.3}{\376\377\0004\000.\0001\0005\000.\0003\000\040\004\034\004\065\004\102\004\076\004\064\004\113}{section.4.15}% 112
\BOOKMARK [3][-]{subsubsection.4.15.3.1}{\376\377\0004\000.\0001\0005\000.\0003\000.\0001\000\040\000C\000o\000n\000t\000e\000x\000t\000M\000e\000n\000u\000\050\000\051}{subsection.4.15.3}% 113
\BOOKMARK [3][-]{subsubsection.4.15.3.2}{\376\377\0004\000.\0001\0005\000.\0003\000.\0002\000\040\000c\000o\000r\000e\000d\000o\000t\000\050\000\051}{subsection.4.15.3}% 114
\BOOKMARK [3][-]{subsubsection.4.15.3.3}{\376\377\0004\000.\0001\0005\000.\0003\000.\0003\000\040\000d\000o\000t\000\050\000\051\000\040\000[\0001\000/\0002\000]}{subsection.4.15.3}% 115
\BOOKMARK [3][-]{subsubsection.4.15.3.4}{\376\377\0004\000.\0001\0005\000.\0003\000.\0004\000\040\000d\000o\000t\000\050\000\051\000\040\000[\0002\000/\0002\000]}{subsection.4.15.3}% 116
\BOOKMARK [3][-]{subsubsection.4.15.3.5}{\376\377\0004\000.\0001\0005\000.\0003\000.\0005\000\040\000E\000m\000i\000t\000U\000p\000d\000\050\000\051}{subsection.4.15.3}% 117
\BOOKMARK [3][-]{subsubsection.4.15.3.6}{\376\377\0004\000.\0001\0005\000.\0003\000.\0006\000\040\000g\000e\000t\000p\000i\000n\000W\000h\000i\000r\000e\000\050\000\051}{subsection.4.15.3}% 118
\BOOKMARK [3][-]{subsubsection.4.15.3.7}{\376\377\0004\000.\0001\0005\000.\0003\000.\0007\000\040\000i\000n\000d\000e\000x\000\050\000\051}{subsection.4.15.3}% 119
\BOOKMARK [3][-]{subsubsection.4.15.3.8}{\376\377\0004\000.\0001\0005\000.\0003\000.\0008\000\040\000n\000a\000m\000e\000\050\000\051\000\040\000[\0001\000/\0002\000]}{subsection.4.15.3}% 120
\BOOKMARK [3][-]{subsubsection.4.15.3.9}{\376\377\0004\000.\0001\0005\000.\0003\000.\0009\000\040\000n\000a\000m\000e\000\050\000\051\000\040\000[\0002\000/\0002\000]}{subsection.4.15.3}% 121
\BOOKMARK [3][-]{subsubsection.4.15.3.10}{\376\377\0004\000.\0001\0005\000.\0003\000.\0001\0000\000\040\000p\000i\000n\000W\000h\000i\000r\000e\000\050\000\051}{subsection.4.15.3}% 122
\BOOKMARK [3][-]{subsubsection.4.15.3.11}{\376\377\0004\000.\0001\0005\000.\0003\000.\0001\0001\000\040\000P\000i\000n\000W\000U\000p\000d\000\050\000\051}{subsection.4.15.3}% 123
\BOOKMARK [3][-]{subsubsection.4.15.3.12}{\376\377\0004\000.\0001\0005\000.\0003\000.\0001\0002\000\040\000x\000\050\000\051}{subsection.4.15.3}% 124
\BOOKMARK [1][-]{section.4.16}{\376\377\0004\000.\0001\0006\000\040\004\032\004\073\004\060\004\101\004\101\000\040\000P\000i\000n\000T\000e\000m\000p\000l\000a\000t\000e}{chapter.4}% 125
\BOOKMARK [2][-]{subsection.4.16.1}{\376\377\0004\000.\0001\0006\000.\0001\000\040\004\037\004\076\004\064\004\100\004\076\004\061\004\075\004\076\004\065\000\040\004\076\004\077\004\070\004\101\004\060\004\075\004\070\004\065}{section.4.16}% 126
\BOOKMARK [2][-]{subsection.4.16.2}{\376\377\0004\000.\0001\0006\000.\0002\000\040\004\032\004\076\004\075\004\101\004\102\004\100\004\103\004\072\004\102\004\076\004\100\000\050\004\113\000\051}{section.4.16}% 127
\BOOKMARK [3][-]{subsubsection.4.16.2.1}{\376\377\0004\000.\0001\0006\000.\0002\000.\0001\000\040\000P\000i\000n\000T\000e\000m\000p\000l\000a\000t\000e\000\050\000\051}{subsection.4.16.2}% 128
\BOOKMARK [2][-]{subsection.4.16.3}{\376\377\0004\000.\0001\0006\000.\0003\000\040\004\034\004\065\004\102\004\076\004\064\004\113}{section.4.16}% 129
\BOOKMARK [3][-]{subsubsection.4.16.3.1}{\376\377\0004\000.\0001\0006\000.\0003\000.\0001\000\040\000d\000r\000a\000g\000E\000n\000t\000e\000r\000E\000v\000e\000n\000t\000\050\000\051}{subsection.4.16.3}% 130
\BOOKMARK [3][-]{subsubsection.4.16.3.2}{\376\377\0004\000.\0001\0006\000.\0003\000.\0002\000\040\000d\000r\000a\000g\000M\000o\000v\000e\000E\000v\000e\000n\000t\000\050\000\051}{subsection.4.16.3}% 131
\BOOKMARK [3][-]{subsubsection.4.16.3.3}{\376\377\0004\000.\0001\0006\000.\0003\000.\0003\000\040\000d\000r\000o\000p\000E\000v\000e\000n\000t\000\050\000\051}{subsection.4.16.3}% 132
\BOOKMARK [1][-]{section.4.17}{\376\377\0004\000.\0001\0007\000\040\004\032\004\073\004\060\004\101\004\101\000\040\000P\000o\000r\000t}{chapter.4}% 133
\BOOKMARK [2][-]{subsection.4.17.1}{\376\377\0004\000.\0001\0007\000.\0001\000\040\004\037\004\076\004\064\004\100\004\076\004\061\004\075\004\076\004\065\000\040\004\076\004\077\004\070\004\101\004\060\004\075\004\070\004\065}{section.4.17}% 134
\BOOKMARK [2][-]{subsection.4.17.2}{\376\377\0004\000.\0001\0007\000.\0002\000\040\004\032\004\076\004\075\004\101\004\102\004\100\004\103\004\072\004\102\004\076\004\100\000\050\004\113\000\051}{section.4.17}% 135
\BOOKMARK [3][-]{subsubsection.4.17.2.1}{\376\377\0004\000.\0001\0007\000.\0002\000.\0001\000\040\000P\000o\000r\000t\000\050\000\051}{subsection.4.17.2}% 136
\BOOKMARK [2][-]{subsection.4.17.3}{\376\377\0004\000.\0001\0007\000.\0003\000\040\004\034\004\065\004\102\004\076\004\064\004\113}{section.4.17}% 137
\BOOKMARK [3][-]{subsubsection.4.17.3.1}{\376\377\0004\000.\0001\0007\000.\0003\000.\0001\000\040\000a\000d\000d\000P\000i\000n\000\050\000\051}{subsection.4.17.3}% 138
\BOOKMARK [3][-]{subsubsection.4.17.3.2}{\376\377\0004\000.\0001\0007\000.\0003\000.\0002\000\040\000C\000o\000n\000t\000e\000x\000t\000M\000e\000n\000u\000\050\000\051}{subsection.4.17.3}% 139
\BOOKMARK [3][-]{subsubsection.4.17.3.3}{\376\377\0004\000.\0001\0007\000.\0003\000.\0003\000\040\000n\000a\000m\000e\000\050\000\051\000\040\000[\0001\000/\0002\000]}{subsection.4.17.3}% 140
\BOOKMARK [3][-]{subsubsection.4.17.3.4}{\376\377\0004\000.\0001\0007\000.\0003\000.\0004\000\040\000n\000a\000m\000e\000\050\000\051\000\040\000[\0002\000/\0002\000]}{subsection.4.17.3}% 141
\BOOKMARK [3][-]{subsubsection.4.17.3.5}{\376\377\0004\000.\0001\0007\000.\0003\000.\0005\000\040\000p\000i\000n\000s\000\050\000\051}{subsection.4.17.3}% 142
\BOOKMARK [3][-]{subsubsection.4.17.3.6}{\376\377\0004\000.\0001\0007\000.\0003\000.\0006\000\040\000p\000r\000o\000x\000y\000\040\000[\0001\000/\0002\000]}{subsection.4.17.3}% 143
\BOOKMARK [3][-]{subsubsection.4.17.3.7}{\376\377\0004\000.\0001\0007\000.\0003\000.\0007\000\040\000p\000r\000o\000x\000y\000\040\000[\0002\000/\0002\000]}{subsection.4.17.3}% 144
\BOOKMARK [3][-]{subsubsection.4.17.3.8}{\376\377\0004\000.\0001\0007\000.\0003\000.\0008\000\040\000x\000\050\000\051}{subsection.4.17.3}% 145
\BOOKMARK [3][-]{subsubsection.4.17.3.9}{\376\377\0004\000.\0001\0007\000.\0003\000.\0009\000\040\000y\000\050\000\051}{subsection.4.17.3}% 146
\BOOKMARK [1][-]{section.4.18}{\376\377\0004\000.\0001\0008\000\040\004\032\004\073\004\060\004\101\004\101\000\040\000P\000o\000r\000t\000T\000e\000m\000p\000l\000a\000t\000e}{chapter.4}% 147
\BOOKMARK [2][-]{subsection.4.18.1}{\376\377\0004\000.\0001\0008\000.\0001\000\040\004\037\004\076\004\064\004\100\004\076\004\061\004\075\004\076\004\065\000\040\004\076\004\077\004\070\004\101\004\060\004\075\004\070\004\065}{section.4.18}% 148
\BOOKMARK [2][-]{subsection.4.18.2}{\376\377\0004\000.\0001\0008\000.\0002\000\040\004\032\004\076\004\075\004\101\004\102\004\100\004\103\004\072\004\102\004\076\004\100\000\050\004\113\000\051}{section.4.18}% 149
\BOOKMARK [3][-]{subsubsection.4.18.2.1}{\376\377\0004\000.\0001\0008\000.\0002\000.\0001\000\040\000P\000o\000r\000t\000T\000e\000m\000p\000l\000a\000t\000e\000\050\000\051}{subsection.4.18.2}% 150
\BOOKMARK [2][-]{subsection.4.18.3}{\376\377\0004\000.\0001\0008\000.\0003\000\040\004\034\004\065\004\102\004\076\004\064\004\113}{section.4.18}% 151
\BOOKMARK [3][-]{subsubsection.4.18.3.1}{\376\377\0004\000.\0001\0008\000.\0003\000.\0001\000\040\000a\000d\000d\000P\000i\000n\000n\000\050\000\051}{subsection.4.18.3}% 152
\BOOKMARK [1][-]{section.4.19}{\376\377\0004\000.\0001\0009\000\040\004\032\004\073\004\060\004\101\004\101\000\040\000P\000o\000r\000t\000T\000w\000m\000p\000l\000a\000t\000e\000O\000b\000j\000e\000c\000t}{chapter.4}% 153
\BOOKMARK [2][-]{subsection.4.19.1}{\376\377\0004\000.\0001\0009\000.\0001\000\040\004\037\004\076\004\064\004\100\004\076\004\061\004\075\004\076\004\065\000\040\004\076\004\077\004\070\004\101\004\060\004\075\004\070\004\065}{section.4.19}% 154
\BOOKMARK [2][-]{subsection.4.19.2}{\376\377\0004\000.\0001\0009\000.\0002\000\040\004\034\004\065\004\102\004\076\004\064\004\113}{section.4.19}% 155
\BOOKMARK [3][-]{subsubsection.4.19.2.1}{\376\377\0004\000.\0001\0009\000.\0002\000.\0001\000\040\000d\000r\000a\000g\000E\000n\000t\000e\000r\000E\000v\000e\000n\000t\000\050\000\051}{subsection.4.19.2}% 156
\BOOKMARK [3][-]{subsubsection.4.19.2.2}{\376\377\0004\000.\0001\0009\000.\0002\000.\0002\000\040\000d\000r\000a\000g\000M\000o\000v\000e\000E\000v\000e\000n\000t\000\050\000\051}{subsection.4.19.2}% 157
\BOOKMARK [3][-]{subsubsection.4.19.2.3}{\376\377\0004\000.\0001\0009\000.\0002\000.\0003\000\040\000d\000r\000o\000p\000E\000v\000e\000n\000t\000\050\000\051}{subsection.4.19.2}% 158
\BOOKMARK [3][-]{subsubsection.4.19.2.4}{\376\377\0004\000.\0001\0009\000.\0002\000.\0004\000\040\000m\000o\000u\000s\000e\000P\000r\000e\000s\000s\000E\000v\000e\000n\000t\000\050\000\051}{subsection.4.19.2}% 159
\BOOKMARK [1][-]{section.4.20}{\376\377\0004\000.\0002\0000\000\040\004\032\004\073\004\060\004\101\004\101\000\040\000P\000r\000o\000x\000y\000R\000e\000c\000t\000P\000o\000r\000t}{chapter.4}% 160
\BOOKMARK [2][-]{subsection.4.20.1}{\376\377\0004\000.\0002\0000\000.\0001\000\040\004\037\004\076\004\064\004\100\004\076\004\061\004\075\004\076\004\065\000\040\004\076\004\077\004\070\004\101\004\060\004\075\004\070\004\065}{section.4.20}% 161
\BOOKMARK [2][-]{subsection.4.20.2}{\376\377\0004\000.\0002\0000\000.\0002\000\040\004\032\004\076\004\075\004\101\004\102\004\100\004\103\004\072\004\102\004\076\004\100\000\050\004\113\000\051}{section.4.20}% 162
\BOOKMARK [3][-]{subsubsection.4.20.2.1}{\376\377\0004\000.\0002\0000\000.\0002\000.\0001\000\040\000P\000r\000o\000x\000y\000R\000e\000c\000t\000P\000o\000r\000t\000\050\000\051}{subsection.4.20.2}% 163
\BOOKMARK [2][-]{subsection.4.20.3}{\376\377\0004\000.\0002\0000\000.\0003\000\040\004\034\004\065\004\102\004\076\004\064\004\113}{section.4.20}% 164
\BOOKMARK [3][-]{subsubsection.4.20.3.1}{\376\377\0004\000.\0002\0000\000.\0003\000.\0001\000\040\000b\000o\000t\000t\000o\000m\000\050\000\051}{subsection.4.20.3}% 165
\BOOKMARK [3][-]{subsubsection.4.20.3.2}{\376\377\0004\000.\0002\0000\000.\0003\000.\0002\000\040\000b\000o\000u\000n\000d\000i\000n\000g\000R\000e\000c\000t\000\050\000\051}{subsection.4.20.3}% 166
\BOOKMARK [3][-]{subsubsection.4.20.3.3}{\376\377\0004\000.\0002\0000\000.\0003\000.\0003\000\040\000c\000e\000n\000t\000e\000r\000\050\000\051}{subsection.4.20.3}% 167
\BOOKMARK [3][-]{subsubsection.4.20.3.4}{\376\377\0004\000.\0002\0000\000.\0003\000.\0004\000\040\000C\000o\000l\000i\000d\000e\000r\000C\000h\000e\000c\000k\000\050\000\051}{subsection.4.20.3}% 168
\BOOKMARK [3][-]{subsubsection.4.20.3.5}{\376\377\0004\000.\0002\0000\000.\0003\000.\0005\000\040\000c\000o\000l\000o\000r\000\050\000\051\000\040\000[\0001\000/\0002\000]}{subsection.4.20.3}% 169
\BOOKMARK [3][-]{subsubsection.4.20.3.6}{\376\377\0004\000.\0002\0000\000.\0003\000.\0006\000\040\000c\000o\000l\000o\000r\000\050\000\051\000\040\000[\0002\000/\0002\000]}{subsection.4.20.3}% 170
\BOOKMARK [3][-]{subsubsection.4.20.3.7}{\376\377\0004\000.\0002\0000\000.\0003\000.\0007\000\040\000g\000e\000o\000m\000e\000t\000r\000y\000\050\000\051\000\040\000[\0001\000/\0002\000]}{subsection.4.20.3}% 171
\BOOKMARK [3][-]{subsubsection.4.20.3.8}{\376\377\0004\000.\0002\0000\000.\0003\000.\0008\000\040\000g\000e\000o\000m\000e\000t\000r\000y\000\050\000\051\000\040\000[\0002\000/\0002\000]}{subsection.4.20.3}% 172
\BOOKMARK [3][-]{subsubsection.4.20.3.9}{\376\377\0004\000.\0002\0000\000.\0003\000.\0009\000\040\000g\000e\000t\000p\000o\000r\000t\000\050\000\051}{subsection.4.20.3}% 173
\BOOKMARK [3][-]{subsubsection.4.20.3.10}{\376\377\0004\000.\0002\0000\000.\0003\000.\0001\0000\000\040\000l\000e\000f\000t\000\050\000\051}{subsection.4.20.3}% 174
\BOOKMARK [3][-]{subsubsection.4.20.3.11}{\376\377\0004\000.\0002\0000\000.\0003\000.\0001\0001\000\040\000p\000a\000i\000n\000t\000\050\000\051}{subsection.4.20.3}% 175
\BOOKMARK [3][-]{subsubsection.4.20.3.12}{\376\377\0004\000.\0002\0000\000.\0003\000.\0001\0002\000\040\000P\000r\000o\000x\000y\000C\000o\000l\000i\000d\000e\000r\000\050\000\051}{subsection.4.20.3}% 176
\BOOKMARK [3][-]{subsubsection.4.20.3.13}{\376\377\0004\000.\0002\0000\000.\0003\000.\0001\0003\000\040\000r\000i\000g\000h\000t\000\050\000\051}{subsection.4.20.3}% 177
\BOOKMARK [3][-]{subsubsection.4.20.3.14}{\376\377\0004\000.\0002\0000\000.\0003\000.\0001\0004\000\040\000s\000e\000t\000c\000o\000n\000n\000e\000c\000t\000o\000r\000\050\000\051}{subsection.4.20.3}% 178
\BOOKMARK [3][-]{subsubsection.4.20.3.15}{\376\377\0004\000.\0002\0000\000.\0003\000.\0001\0005\000\040\000s\000h\000a\000p\000e\000\050\000\051}{subsection.4.20.3}% 179
\BOOKMARK [3][-]{subsubsection.4.20.3.16}{\376\377\0004\000.\0002\0000\000.\0003\000.\0001\0006\000\040\000t\000o\000p\000\050\000\051}{subsection.4.20.3}% 180
\BOOKMARK [3][-]{subsubsection.4.20.3.17}{\376\377\0004\000.\0002\0000\000.\0003\000.\0001\0007\000\040\000t\000y\000p\000e\000\050\000\051}{subsection.4.20.3}% 181
\BOOKMARK [3][-]{subsubsection.4.20.3.18}{\376\377\0004\000.\0002\0000\000.\0003\000.\0001\0008\000\040\000U\000p\000d\000a\000t\000e\000\050\000\051}{subsection.4.20.3}% 182
\BOOKMARK [3][-]{subsubsection.4.20.3.19}{\376\377\0004\000.\0002\0000\000.\0003\000.\0001\0009\000\040\000X\000X\000\050\000\051\000\040\000[\0001\000/\0002\000]}{subsection.4.20.3}% 183
\BOOKMARK [3][-]{subsubsection.4.20.3.20}{\376\377\0004\000.\0002\0000\000.\0003\000.\0002\0000\000\040\000X\000X\000\050\000\051\000\040\000[\0002\000/\0002\000]}{subsection.4.20.3}% 184
\BOOKMARK [3][-]{subsubsection.4.20.3.21}{\376\377\0004\000.\0002\0000\000.\0003\000.\0002\0001\000\040\000Y\000Y\000\050\000\051\000\040\000[\0001\000/\0002\000]}{subsection.4.20.3}% 185
\BOOKMARK [3][-]{subsubsection.4.20.3.22}{\376\377\0004\000.\0002\0000\000.\0003\000.\0002\0002\000\040\000Y\000Y\000\050\000\051\000\040\000[\0002\000/\0002\000]}{subsection.4.20.3}% 186
\BOOKMARK [1][-]{section.4.21}{\376\377\0004\000.\0002\0001\000\040\004\032\004\073\004\060\004\101\004\101\000\040\000R\000e\000m\000o\000v\000e\000P\000i\000n\000C\000o\000m\000m\000a\000n\000d}{chapter.4}% 187
\BOOKMARK [2][-]{subsection.4.21.1}{\376\377\0004\000.\0002\0001\000.\0001\000\040\004\037\004\076\004\064\004\100\004\076\004\061\004\075\004\076\004\065\000\040\004\076\004\077\004\070\004\101\004\060\004\075\004\070\004\065}{section.4.21}% 188
\BOOKMARK [2][-]{subsection.4.21.2}{\376\377\0004\000.\0002\0001\000.\0002\000\040\004\032\004\076\004\075\004\101\004\102\004\100\004\103\004\072\004\102\004\076\004\100\000\050\004\113\000\051}{section.4.21}% 189
\BOOKMARK [3][-]{subsubsection.4.21.2.1}{\376\377\0004\000.\0002\0001\000.\0002\000.\0001\000\040\000R\000e\000m\000o\000v\000e\000P\000i\000n\000C\000o\000m\000m\000a\000n\000d\000\050\000\051}{subsection.4.21.2}% 190
\BOOKMARK [1][-]{section.4.22}{\376\377\0004\000.\0002\0002\000\040\004\032\004\073\004\060\004\101\004\101\000\040\000R\000e\000m\000o\000v\000e\000P\000o\000r\000t\000C\000o\000m\000a\000n\000d}{chapter.4}% 191
\BOOKMARK [2][-]{subsection.4.22.1}{\376\377\0004\000.\0002\0002\000.\0001\000\040\004\037\004\076\004\064\004\100\004\076\004\061\004\075\004\076\004\065\000\040\004\076\004\077\004\070\004\101\004\060\004\075\004\070\004\065}{section.4.22}% 192
\BOOKMARK [2][-]{subsection.4.22.2}{\376\377\0004\000.\0002\0002\000.\0002\000\040\004\032\004\076\004\075\004\101\004\102\004\100\004\103\004\072\004\102\004\076\004\100\000\050\004\113\000\051}{section.4.22}% 193
\BOOKMARK [3][-]{subsubsection.4.22.2.1}{\376\377\0004\000.\0002\0002\000.\0002\000.\0001\000\040\000R\000e\000m\000o\000v\000e\000P\000o\000r\000t\000C\000o\000m\000a\000n\000d\000\050\000\051}{subsection.4.22.2}% 194
\BOOKMARK [1][-]{section.4.23}{\376\377\0004\000.\0002\0003\000\040\004\032\004\073\004\060\004\101\004\101\000\040\000S\000a\000v\000e\000T\000e\000m\000p\000l\000a\000t\000e\000s}{chapter.4}% 195
\BOOKMARK [2][-]{subsection.4.23.1}{\376\377\0004\000.\0002\0003\000.\0001\000\040\004\037\004\076\004\064\004\100\004\076\004\061\004\075\004\076\004\065\000\040\004\076\004\077\004\070\004\101\004\060\004\075\004\070\004\065}{section.4.23}% 196
\BOOKMARK [2][-]{subsection.4.23.2}{\376\377\0004\000.\0002\0003\000.\0002\000\040\004\034\004\065\004\102\004\076\004\064\004\113}{section.4.23}% 197
\BOOKMARK [3][-]{subsubsection.4.23.2.1}{\376\377\0004\000.\0002\0003\000.\0002\000.\0001\000\040\000D\000e\000l\000\050\000\051}{subsection.4.23.2}% 198
\BOOKMARK [3][-]{subsubsection.4.23.2.2}{\376\377\0004\000.\0002\0003\000.\0002\000.\0002\000\040\000L\000o\000a\000d\000\050\000\051}{subsection.4.23.2}% 199
\BOOKMARK [3][-]{subsubsection.4.23.2.3}{\376\377\0004\000.\0002\0003\000.\0002\000.\0003\000\040\000S\000a\000v\000e\000\050\000\051}{subsection.4.23.2}% 200
\BOOKMARK [1][-]{section.4.24}{\376\377\0004\000.\0002\0004\000\040\004\032\004\073\004\060\004\101\004\101\000\040\000V\000i\000e\000w}{chapter.4}% 201
\BOOKMARK [2][-]{subsection.4.24.1}{\376\377\0004\000.\0002\0004\000.\0001\000\040\004\037\004\076\004\064\004\100\004\076\004\061\004\075\004\076\004\065\000\040\004\076\004\077\004\070\004\101\004\060\004\075\004\070\004\065}{section.4.24}% 202
\BOOKMARK [2][-]{subsection.4.24.2}{\376\377\0004\000.\0002\0004\000.\0002\000\040\004\034\004\065\004\102\004\076\004\064\004\113}{section.4.24}% 203
\BOOKMARK [3][-]{subsubsection.4.24.2.1}{\376\377\0004\000.\0002\0004\000.\0002\000.\0001\000\040\000b\000a\000c\000k\000G\000r\000o\000u\000n\000d\000C\000o\000l\000o\000r\000\050\000\051\000\040\000[\0001\000/\0002\000]}{subsection.4.24.2}% 204
\BOOKMARK [3][-]{subsubsection.4.24.2.2}{\376\377\0004\000.\0002\0004\000.\0002\000.\0002\000\040\000b\000a\000c\000k\000G\000r\000o\000u\000n\000d\000C\000o\000l\000o\000r\000\050\000\051\000\040\000[\0002\000/\0002\000]}{subsection.4.24.2}% 205
\BOOKMARK [3][-]{subsubsection.4.24.2.3}{\376\377\0004\000.\0002\0004\000.\0002\000.\0003\000\040\000C\000o\000n\000t\000e\000x\000t\000M\000e\000n\000u\000\050\000\051}{subsection.4.24.2}% 206
\BOOKMARK [3][-]{subsubsection.4.24.2.4}{\376\377\0004\000.\0002\0004\000.\0002\000.\0004\000\040\000G\000S\000c\000e\000n\000e\000\050\000\051\000\040\000[\0001\000/\0002\000]}{subsection.4.24.2}% 207
\BOOKMARK [3][-]{subsubsection.4.24.2.5}{\376\377\0004\000.\0002\0004\000.\0002\000.\0005\000\040\000G\000S\000c\000e\000n\000e\000\050\000\051\000\040\000[\0002\000/\0002\000]}{subsection.4.24.2}% 208
\BOOKMARK [3][-]{subsubsection.4.24.2.6}{\376\377\0004\000.\0002\0004\000.\0002\000.\0006\000\040\000s\000c\000a\000l\000e\000\050\000\051}{subsection.4.24.2}% 209
\BOOKMARK [3][-]{subsubsection.4.24.2.7}{\376\377\0004\000.\0002\0004\000.\0002\000.\0007\000\040\000v\000i\000e\000w\000\050\000\051}{subsection.4.24.2}% 210
\BOOKMARK [1][-]{section.4.25}{\376\377\0004\000.\0002\0005\000\040\004\032\004\073\004\060\004\101\004\101\000\040\000W\000h\000i\000r\000e\000R\000e\000m\000o\000v\000e\000C\000o\000m\000a\000n\000d}{chapter.4}% 211
\BOOKMARK [2][-]{subsection.4.25.1}{\376\377\0004\000.\0002\0005\000.\0001\000\040\004\037\004\076\004\064\004\100\004\076\004\061\004\075\004\076\004\065\000\040\004\076\004\077\004\070\004\101\004\060\004\075\004\070\004\065}{section.4.25}% 212
\BOOKMARK [2][-]{subsection.4.25.2}{\376\377\0004\000.\0002\0005\000.\0002\000\040\004\032\004\076\004\075\004\101\004\102\004\100\004\103\004\072\004\102\004\076\004\100\000\050\004\113\000\051}{section.4.25}% 213
\BOOKMARK [3][-]{subsubsection.4.25.2.1}{\376\377\0004\000.\0002\0005\000.\0002\000.\0001\000\040\000W\000h\000i\000r\000e\000R\000e\000m\000o\000v\000e\000C\000o\000m\000a\000n\000d\000\050\000\051}{subsection.4.25.2}% 214
\BOOKMARK [0][-]{chapter.5}{\376\377\0005\000\040\004\044\004\060\004\071\004\073\004\113}{}% 215
\BOOKMARK [1][-]{section.5.1}{\376\377\0005\000.\0001\000\040\000A\000d\000d\000C\000o\000m\000a\000n\000d\000.\000h}{chapter.5}% 216
\BOOKMARK [1][-]{section.5.2}{\376\377\0005\000.\0002\000\040\000A\000d\000d\000P\000i\000n\000C\000o\000m\000a\000n\000d\000.\000h}{chapter.5}% 217
\BOOKMARK [1][-]{section.5.3}{\376\377\0005\000.\0003\000\040\000A\000d\000d\000W\000h\000i\000r\000e\000C\000o\000m\000m\000a\000n\000d\000.\000h}{chapter.5}% 218
\BOOKMARK [1][-]{section.5.4}{\376\377\0005\000.\0004\000\040\000c\000h\000a\000i\000n\000.\000h}{chapter.5}% 219
\BOOKMARK [1][-]{section.5.5}{\376\377\0005\000.\0005\000\040\000c\000h\000a\000i\000n\000t\000a\000b\000l\000e\000.\000h}{chapter.5}% 220
\BOOKMARK [1][-]{section.5.6}{\376\377\0005\000.\0006\000\040\000C\000u\000s\000t\000o\000m\000C\000o\000l\000l\000i\000d\000e\000r\000L\000i\000n\000e\000R\000e\000c\000o\000u\000r\000s\000i\000v\000e\000.\000h}{chapter.5}% 221
\BOOKMARK [1][-]{section.5.7}{\376\377\0005\000.\0007\000\040\000D\000o\000t\000.\000h}{chapter.5}% 222
\BOOKMARK [1][-]{section.5.8}{\376\377\0005\000.\0008\000\040\000G\000I\000t\000e\000m\000F\000r\000a\000m\000e\000.\000h}{chapter.5}% 223
\BOOKMARK [1][-]{section.5.9}{\376\377\0005\000.\0009\000\040\000G\000V\000i\000e\000w\000.\000h}{chapter.5}% 224
\BOOKMARK [1][-]{section.5.10}{\376\377\0005\000.\0001\0000\000\040\000m\000a\000i\000n\000w\000i\000n\000d\000o\000w\000.\000h}{chapter.5}% 225
\BOOKMARK [1][-]{section.5.11}{\376\377\0005\000.\0001\0001\000\040\000m\000i\000n\000i\000m\000a\000p\000.\000h}{chapter.5}% 226
\BOOKMARK [1][-]{section.5.12}{\376\377\0005\000.\0001\0002\000\040\000m\000y\000g\000r\000a\000p\000h\000i\000c\000s\000s\000c\000e\000n\000e\000.\000h}{chapter.5}% 227
\BOOKMARK [1][-]{section.5.13}{\376\377\0005\000.\0001\0003\000\040\000N\000e\000w\000P\000i\000n\000W\000h\000i\000r\000e\000.\000h}{chapter.5}% 228
\BOOKMARK [1][-]{section.5.14}{\376\377\0005\000.\0001\0004\000\040\000N\000e\000w\000W\000h\000i\000r\000e\000.\000h}{chapter.5}% 229
\BOOKMARK [1][-]{section.5.15}{\376\377\0005\000.\0001\0005\000\040\000p\000i\000n\000.\000h}{chapter.5}% 230
\BOOKMARK [1][-]{section.5.16}{\376\377\0005\000.\0001\0006\000\040\000P\000i\000n\000T\000e\000m\000p\000l\000a\000t\000e\000.\000h}{chapter.5}% 231
\BOOKMARK [1][-]{section.5.17}{\376\377\0005\000.\0001\0007\000\040\000p\000o\000r\000t\000.\000h}{chapter.5}% 232
\BOOKMARK [1][-]{section.5.18}{\376\377\0005\000.\0001\0008\000\040\000P\000o\000r\000t\000T\000e\000m\000p\000l\000a\000t\000e\000.\000h}{chapter.5}% 233
\BOOKMARK [1][-]{section.5.19}{\376\377\0005\000.\0001\0009\000\040\000P\000o\000r\000t\000T\000w\000m\000p\000l\000a\000t\000e\000O\000b\000j\000e\000c\000t\000.\000h}{chapter.5}% 234
\BOOKMARK [1][-]{section.5.20}{\376\377\0005\000.\0002\0000\000\040\000p\000r\000o\000x\000y\000r\000e\000c\000t\000p\000o\000r\000t\000.\000h}{chapter.5}% 235
\BOOKMARK [1][-]{section.5.21}{\376\377\0005\000.\0002\0001\000\040\000R\000e\000m\000o\000v\000e\000P\000i\000n\000C\000o\000m\000m\000a\000n\000d\000.\000h}{chapter.5}% 236
\BOOKMARK [1][-]{section.5.22}{\376\377\0005\000.\0002\0002\000\040\000R\000e\000m\000o\000v\000e\000P\000o\000r\000t\000C\000o\000m\000a\000n\000d\000.\000h}{chapter.5}% 237
\BOOKMARK [1][-]{section.5.23}{\376\377\0005\000.\0002\0003\000\040\000S\000a\000v\000e\000T\000e\000m\000p\000l\000a\000t\000e\000s\000.\000h}{chapter.5}% 238
\BOOKMARK [1][-]{section.5.24}{\376\377\0005\000.\0002\0004\000\040\000v\000i\000e\000w\000.\000h}{chapter.5}% 239
\BOOKMARK [1][-]{section.5.25}{\376\377\0005\000.\0002\0005\000\040\000W\000h\000i\000r\000e\000R\000e\000m\000o\000v\000e\000C\000o\000m\000a\000n\000d\000.\000h}{chapter.5}% 240
\BOOKMARK [0][-]{section*.120}{\376\377\004\037\004\100\004\065\004\064\004\074\004\065\004\102\004\075\004\113\004\071\000\040\004\103\004\072\004\060\004\067\004\060\004\102\004\065\004\073\004\114}{}% 241
